[debug] [2023-12-17T07:54:47.243Z] ----------------------------------------------------------------------
[debug] [2023-12-17T07:54:47.265Z] Command:       C:\Program Files\nodejs\node.exe C:\Users\ramgo\AppData\Roaming\npm\node_modules\firebase-tools\lib\bin\firebase.js emulators:start --only functions
[debug] [2023-12-17T07:54:47.268Z] CLI Version:   13.0.2
[debug] [2023-12-17T07:54:47.272Z] Platform:      win32
[debug] [2023-12-17T07:54:47.274Z] Node Version:  v19.8.1
[debug] [2023-12-17T07:54:47.275Z] Time:          Sun Dec 17 2023 13:24:47 GMT+0530 (India Standard Time)
[debug] [2023-12-17T07:54:47.276Z] ----------------------------------------------------------------------
[debug] 
[debug] [2023-12-17T07:54:48.467Z] > command requires scopes: ["email","openid","https://www.googleapis.com/auth/cloudplatformprojects.readonly","https://www.googleapis.com/auth/firebase","https://www.googleapis.com/auth/cloud-platform"]
[debug] [2023-12-17T07:54:48.472Z] > authorizing via signed-in user (ramgopalg1928@gmail.com)
[info] i  emulators: Starting emulators: functions {"metadata":{"emulator":{"name":"hub"},"message":"Starting emulators: functions"}}
[debug] [2023-12-17T07:54:48.588Z] [logging] Logging Emulator only supports listening on one address (127.0.0.1). Not listening on ::1
[debug] [2023-12-17T07:54:48.591Z] assigned listening specs for emulators {"user":{"hub":[{"address":"127.0.0.1","family":"IPv4","port":4400},{"address":"::1","family":"IPv6","port":4400}],"ui":[{"address":"127.0.0.1","family":"IPv4","port":4000},{"address":"::1","family":"IPv6","port":4000}],"logging":[{"address":"127.0.0.1","family":"IPv4","port":4500}]},"metadata":{"message":"assigned listening specs for emulators"}}
[debug] [2023-12-17T07:54:48.684Z] [hub] writing locator at C:\Users\ramgo\AppData\Local\Temp\hub-cyberspacesavy.json
[debug] [2023-12-17T07:54:48.824Z] [functions] Functions Emulator only supports listening on one address (127.0.0.1). Not listening on ::1
[debug] [2023-12-17T07:54:48.827Z] [eventarc] Eventarc Emulator only supports listening on one address (127.0.0.1). Not listening on ::1
[debug] [2023-12-17T07:54:48.828Z] late-assigned ports for functions and eventarc emulators {"user":{"hub":[{"address":"127.0.0.1","family":"IPv4","port":4400},{"address":"::1","family":"IPv6","port":4400}],"ui":[{"address":"127.0.0.1","family":"IPv4","port":4000},{"address":"::1","family":"IPv6","port":4000}],"logging":[{"address":"127.0.0.1","family":"IPv4","port":4500}],"functions":[{"address":"127.0.0.1","family":"IPv4","port":5001}],"eventarc":[{"address":"127.0.0.1","family":"IPv4","port":9299}]},"metadata":{"message":"late-assigned ports for functions and eventarc emulators"}}
[warn] !  functions: The following emulators are not running, calls to these services from the Functions emulator will affect production: auth, firestore, database, hosting, pubsub, storage {"metadata":{"emulator":{"name":"functions"},"message":"The following emulators are not running, calls to these services from the Functions emulator will affect production: \u001b[1mauth, firestore, database, hosting, pubsub, storage\u001b[22m"}}
[debug] [2023-12-17T07:54:48.853Z] defaultcredentials: writing to file C:\Users\ramgo\AppData\Roaming\firebase\ramgopalg1928_gmail_com_application_default_credentials.json
[debug] [2023-12-17T07:54:48.876Z] Setting GAC to C:\Users\ramgo\AppData\Roaming\firebase\ramgopalg1928_gmail_com_application_default_credentials.json {"metadata":{"emulator":{"name":"functions"},"message":"Setting GAC to C:\\Users\\ramgo\\AppData\\Roaming\\firebase\\ramgopalg1928_gmail_com_application_default_credentials.json"}}
[debug] [2023-12-17T07:54:48.896Z] >>> [apiv2][query] GET https://firebase.googleapis.com/v1beta1/projects/cyberspacesavy/adminSdkConfig [none]
[debug] [2023-12-17T07:54:50.419Z] <<< [apiv2][status] GET https://firebase.googleapis.com/v1beta1/projects/cyberspacesavy/adminSdkConfig 200
[debug] [2023-12-17T07:54:50.421Z] <<< [apiv2][body] GET https://firebase.googleapis.com/v1beta1/projects/cyberspacesavy/adminSdkConfig {"projectId":"cyberspacesavy","databaseURL":"https://cyberspacesavy-default-rtdb.asia-southeast1.firebasedatabase.app","storageBucket":"cyberspacesavy.appspot.com","locationId":"asia-south1"}
[debug] [2023-12-17T07:54:50.545Z] Ignoring unsupported arg: auto_download {"metadata":{"emulator":{"name":"ui"},"message":"Ignoring unsupported arg: auto_download"}}
[debug] [2023-12-17T07:54:50.547Z] Ignoring unsupported arg: port {"metadata":{"emulator":{"name":"ui"},"message":"Ignoring unsupported arg: port"}}
[debug] [2023-12-17T07:54:50.548Z] Starting Emulator UI with command {"binary":"node","args":["C:\\Users\\ramgo\\.cache\\firebase\\emulators\\ui-v1.11.7\\server\\server.js"],"optionalArgs":[],"joinArgs":false} {"metadata":{"emulator":{"name":"ui"},"message":"Starting Emulator UI with command {\"binary\":\"node\",\"args\":[\"C:\\\\Users\\\\ramgo\\\\.cache\\\\firebase\\\\emulators\\\\ui-v1.11.7\\\\server\\\\server.js\"],\"optionalArgs\":[],\"joinArgs\":false}"}}
[info] i  ui: Emulator UI logging to ui-debug.log {"metadata":{"emulator":{"name":"ui"},"message":"Emulator UI logging to \u001b[1mui-debug.log\u001b[22m"}}
[debug] [2023-12-17T07:54:52.014Z] Web / API server started at 127.0.0.1:4000
 {"metadata":{"emulator":{"name":"ui"},"message":"Web / API server started at 127.0.0.1:4000\n"}}
[debug] [2023-12-17T07:54:52.018Z] Web / API server started at ::1:4000
 {"metadata":{"emulator":{"name":"ui"},"message":"Web / API server started at ::1:4000\n"}}
[info] i  functions: Watching "C:\Users\ramgo\OneDrive\Desktop\CyberSpaceSavy\functions" for Cloud Functions... {"metadata":{"emulator":{"name":"functions"},"message":"Watching \"C:\\Users\\ramgo\\OneDrive\\Desktop\\CyberSpaceSavy\\functions\" for Cloud Functions..."}}
[debug] [2023-12-17T07:54:52.277Z] Validating nodejs source
[debug] [2023-12-17T07:55:02.654Z] checkFunctionsSDKVersion was unable to fetch information from NPM Error: spawnSync C:\WINDOWS\system32\cmd.exe ETIMEDOUT
    at Object.spawnSync (node:internal/child_process:1117:20)
    at Object.spawnSync (node:child_process:871:24)
    at Function.spawnSync [as sync] (C:\Users\ramgo\AppData\Roaming\npm\node_modules\firebase-tools\node_modules\cross-spawn\index.js:26:23)
    at Object.getLatestSDKVersion (C:\Users\ramgo\AppData\Roaming\npm\node_modules\firebase-tools\lib\deploy\functions\runtimes\node\versioning.js:54:25)
    at Object.checkFunctionsSDKVersion (C:\Users\ramgo\AppData\Roaming\npm\node_modules\firebase-tools\lib\deploy\functions\runtimes\node\versioning.js:74:32)
    at Delegate.validate (C:\Users\ramgo\AppData\Roaming\npm\node_modules\firebase-tools\lib\deploy\functions\runtimes\node\index.js:84:20)
    at FunctionsEmulator.discoverTriggers (C:\Users\ramgo\AppData\Roaming\npm\node_modules\firebase-tools\lib\emulator\functionsEmulator.js:296:35)
    at async FunctionsEmulator.loadTriggers (C:\Users\ramgo\AppData\Roaming\npm\node_modules\firebase-tools\lib\emulator\functionsEmulator.js:325:34)
    at async FunctionsEmulator.connect (C:\Users\ramgo\AppData\Roaming\npm\node_modules\firebase-tools\lib\emulator\functionsEmulator.js:262:13)
    at async Object.startAll (C:\Users\ramgo\AppData\Roaming\npm\node_modules\firebase-tools\lib\emulator\controller.js:566:13)
[debug] [2023-12-17T07:55:02.660Z] > [functions] package.json contents: {
  "name": "functions",
  "description": "Cloud Functions for Firebase",
  "scripts": {
    "lint": "eslint .",
    "serve": "firebase emulators:start --only functions",
    "shell": "firebase functions:shell",
    "start": "npm run shell",
    "deploy": "firebase deploy --only functions",
    "logs": "firebase functions:log"
  },
  "engines": {
    "node": "18"
  },
  "main": "index.js",
  "dependencies": {
    "firebase-admin": "^11.8.0",
    "firebase-functions": "^4.3.1"
  },
  "devDependencies": {
    "eslint": "^8.15.0",
    "eslint-config-google": "^0.14.0",
    "firebase-functions-test": "^3.1.0"
  },
  "private": true
}
[debug] [2023-12-17T07:55:02.662Z] Building nodejs source
[debug] [2023-12-17T07:55:02.665Z] Failed to find version of module node: reached end of search path C:\Users\ramgo\OneDrive\Desktop\CyberSpaceSavy\functions\node_modules
[warn] !  functions: Your requested "node" version "18" doesn't match your global version "19". Using node@19 from host. 
[debug] [2023-12-17T07:55:02.699Z] Could not find functions.yaml. Must use http discovery
[debug] [2023-12-17T07:55:02.767Z] Found firebase-functions binary at 'C:\Users\ramgo\OneDrive\Desktop\CyberSpaceSavy\functions\node_modules\.bin\firebase-functions'
[info] Serving at port 8293

[error] ReferenceError: requie is not defined
    at Object.<anonymous> (C:\Users\ramgo\OneDrive\Desktop\CyberSpaceSavy\functions\index.js:3:19)
    at Module._compile (node:internal/modules/cjs/loader:1275:14)
    at Module._extensions..js (node:internal/modules/cjs/loader:1329:10)
    at Module.load (node:internal/modules/cjs/loader:1133:32)
    at Module._load (node:internal/modules/cjs/loader:972:12)
    at Module.require (node:internal/modules/cjs/loader:1157:19)
    at require (node:internal/modules/helpers:119:18)
    at loadModule (C:\Users\ramgo\OneDrive\Desktop\CyberSpaceSavy\functions\node_modules\firebase-functions\lib\runtime\loader.js:40:16)
    at loadStack (C:\Users\ramgo\OneDrive\Desktop\CyberSpaceSavy\functions\node_modules\firebase-functions\lib\runtime\loader.js:93:23)
    at C:\Users\ramgo\OneDrive\Desktop\CyberSpaceSavy\functions\node_modules\firebase-functions\lib\bin\firebase-functions.js:56:56

[debug] [2023-12-17T07:55:06.332Z] Got response code 400; body Failed to generate manifest from function source: ReferenceError: requie is not defined
[error] !!  functions: Failed to load function definition from source: FirebaseError: Functions codebase could not be analyzed successfully. It may have a syntax or runtime error {"metadata":{"emulator":{"name":"functions"},"message":"Failed to load function definition from source: FirebaseError: Functions codebase could not be analyzed successfully. It may have a syntax or runtime error"}}
[info] 
┌─────────────────────────────────────────────────────────────┐
│ ✔  All emulators ready! It is now safe to connect your app. │
│ i  View Emulator UI at http://127.0.0.1:4000/               │
└─────────────────────────────────────────────────────────────┘

┌───────────┬────────────────┬─────────────────────────────────┐
│ Emulator  │ Host:Port      │ View in Emulator UI             │
├───────────┼────────────────┼─────────────────────────────────┤
│ Functions │ 127.0.0.1:5001 │ http://127.0.0.1:4000/functions │
└───────────┴────────────────┴─────────────────────────────────┘
  Emulator Hub running at 127.0.0.1:4400
  Other reserved ports: 4500

Issues? Report them at https://github.com/firebase/firebase-tools/issues and attach the *-debug.log files.
 
[debug] [2023-12-17T07:58:43.428Z] File C:\Users\ramgo\OneDrive\Desktop\CyberSpaceSavy\functions\index.js changed, reloading triggers {"metadata":{"emulator":{"name":"functions"},"message":"File C:\\Users\\ramgo\\OneDrive\\Desktop\\CyberSpaceSavy\\functions\\index.js changed, reloading triggers"}}
[debug] [2023-12-17T07:58:44.441Z] Validating nodejs source
[debug] [2023-12-17T07:58:49.795Z] > [functions] package.json contents: {
  "name": "functions",
  "description": "Cloud Functions for Firebase",
  "scripts": {
    "lint": "eslint .",
    "serve": "firebase emulators:start --only functions",
    "shell": "firebase functions:shell",
    "start": "npm run shell",
    "deploy": "firebase deploy --only functions",
    "logs": "firebase functions:log"
  },
  "engines": {
    "node": "18"
  },
  "main": "index.js",
  "dependencies": {
    "firebase-admin": "^11.8.0",
    "firebase-functions": "^4.3.1"
  },
  "devDependencies": {
    "eslint": "^8.15.0",
    "eslint-config-google": "^0.14.0",
    "firebase-functions-test": "^3.1.0"
  },
  "private": true
}
[debug] [2023-12-17T07:58:49.796Z] Building nodejs source
[debug] [2023-12-17T07:58:49.796Z] Failed to find version of module node: reached end of search path C:\Users\ramgo\OneDrive\Desktop\CyberSpaceSavy\functions\node_modules
[warn] !  functions: Your requested "node" version "18" doesn't match your global version "19". Using node@19 from host. 
[debug] [2023-12-17T07:58:49.798Z] Could not find functions.yaml. Must use http discovery
[debug] [2023-12-17T07:58:49.811Z] Found firebase-functions binary at 'C:\Users\ramgo\OneDrive\Desktop\CyberSpaceSavy\functions\node_modules\.bin\firebase-functions'
[debug] [2023-12-17T07:58:49.831Z] File C:\Users\ramgo\OneDrive\Desktop\CyberSpaceSavy\functions\index.js changed, reloading triggers {"metadata":{"emulator":{"name":"functions"},"message":"File C:\\Users\\ramgo\\OneDrive\\Desktop\\CyberSpaceSavy\\functions\\index.js changed, reloading triggers"}}
[debug] [2023-12-17T07:58:50.060Z] File C:\Users\ramgo\OneDrive\Desktop\CyberSpaceSavy\functions\index.js changed, reloading triggers {"metadata":{"emulator":{"name":"functions"},"message":"File C:\\Users\\ramgo\\OneDrive\\Desktop\\CyberSpaceSavy\\functions\\index.js changed, reloading triggers"}}
[info] Serving at port 8451

[error] Error: Cannot find module 'C:UsersamgoOneDriveDesktopCyberSpaceSavycyberspacesavy-firebase-adminsdk-xlvpt-c1c1e70330.json'
Require stack:
- C:\Users\ramgo\OneDrive\Desktop\CyberSpaceSavy\functions\index.js
- C:\Users\ramgo\OneDrive\Desktop\CyberSpaceSavy\functions\node_modules\firebase-functions\lib\runtime\loader.js
- C:\Users\ramgo\OneDrive\Desktop\CyberSpaceSavy\functions\node_modules\firebase-functions\lib\bin\firebase-functions.js
    at Module._resolveFilename (node:internal/modules/cjs/loader:1090:15)
    at Module._load (node:internal/modules/cjs/loader:934:27)
    at Module.require (node:internal/modules/cjs/loader:1157:19)
    at require (node:internal/modules/helpers:119:18)
    at Object.<anonymous> (C:\Users\ramgo\OneDrive\Desktop\CyberSpaceSavy\functions\index.js:5:24)
    at Module._compile (node:internal/modules/cjs/loader:1275:14)
    at Module._extensions..js (node:internal/modules/cjs/loader:1329:10)
    at Module.load (node:internal/modules/cjs/loader:1133:32)
    at Module._load (node:internal/modules/cjs/loader:972:12)
    at Module.require (node:internal/modules/cjs/loader:1157:19) {
  code: 'MODULE_NOT_FOUND',
  requireStack: [
    'C:\\Users\\ramgo\\OneDrive\\Desktop\\CyberSpaceSavy\\functions\\index.js',
    'C:\\Users\\ramgo\\OneDrive\\Desktop\\CyberSpaceSavy\\functions\\node_modules\\firebase-functions\\lib\\runtime\\loader.js',
    'C:\\Users\\ramgo\\OneDrive\\Desktop\\CyberSpaceSavy\\functions\\node_modules\\firebase-functions\\lib\\bin\\firebase-functions.js'
  ]
}

[debug] [2023-12-17T07:58:50.710Z] Got response code 400; body Failed to generate manifest from function source: Error: Cannot find module 'C:UsersamgoOneDriveDesktopCyberSpaceSavycyberspacesavy-firebase-adminsdk-xlvpt-c1c1e70330.json'
Require stack:
- C:\Users\ramgo\OneDrive\Desktop\CyberSpaceSavy\functions\index.js
- C:\Users\ramgo\OneDrive\Desktop\CyberSpaceSavy\functions\node_modules\firebase-functions\lib\runtime\loader.js
- C:\Users\ramgo\OneDrive\Desktop\CyberSpaceSavy\functions\node_modules\firebase-functions\lib\bin\firebase-functions.js
[debug] [2023-12-17T07:58:51.075Z] Validating nodejs source
[debug] [2023-12-17T07:58:54.996Z] > [functions] package.json contents: {
  "name": "functions",
  "description": "Cloud Functions for Firebase",
  "scripts": {
    "lint": "eslint .",
    "serve": "firebase emulators:start --only functions",
    "shell": "firebase functions:shell",
    "start": "npm run shell",
    "deploy": "firebase deploy --only functions",
    "logs": "firebase functions:log"
  },
  "engines": {
    "node": "18"
  },
  "main": "index.js",
  "dependencies": {
    "firebase-admin": "^11.8.0",
    "firebase-functions": "^4.3.1"
  },
  "devDependencies": {
    "eslint": "^8.15.0",
    "eslint-config-google": "^0.14.0",
    "firebase-functions-test": "^3.1.0"
  },
  "private": true
}
[debug] [2023-12-17T07:58:54.997Z] Building nodejs source
[debug] [2023-12-17T07:58:54.997Z] Failed to find version of module node: reached end of search path C:\Users\ramgo\OneDrive\Desktop\CyberSpaceSavy\functions\node_modules
[warn] !  functions: Your requested "node" version "18" doesn't match your global version "19". Using node@19 from host. 
[debug] [2023-12-17T07:58:54.999Z] Could not find functions.yaml. Must use http discovery
[debug] [2023-12-17T07:58:55.013Z] Found firebase-functions binary at 'C:\Users\ramgo\OneDrive\Desktop\CyberSpaceSavy\functions\node_modules\.bin\firebase-functions'
[info] Serving at port 8420

[error] Error: Cannot find module 'C:UsersamgoOneDriveDesktopCyberSpaceSavycyberspacesavy-firebase-adminsdk-xlvpt-c1c1e70330.json'
Require stack:
- C:\Users\ramgo\OneDrive\Desktop\CyberSpaceSavy\functions\index.js
- C:\Users\ramgo\OneDrive\Desktop\CyberSpaceSavy\functions\node_modules\firebase-functions\lib\runtime\loader.js
- C:\Users\ramgo\OneDrive\Desktop\CyberSpaceSavy\functions\node_modules\firebase-functions\lib\bin\firebase-functions.js
    at Module._resolveFilename (node:internal/modules/cjs/loader:1090:15)
    at Module._load (node:internal/modules/cjs/loader:934:27)
    at Module.require (node:internal/modules/cjs/loader:1157:19)
    at require (node:internal/modules/helpers:119:18)
    at Object.<anonymous> (C:\Users\ramgo\OneDrive\Desktop\CyberSpaceSavy\functions\index.js:5:24)
    at Module._compile (node:internal/modules/cjs/loader:1275:14)
    at Module._extensions..js (node:internal/modules/cjs/loader:1329:10)
    at Module.load (node:internal/modules/cjs/loader:1133:32)
    at Module._load (node:internal/modules/cjs/loader:972:12)
    at Module.require (node:internal/modules/cjs/loader:1157:19) {
  code: 'MODULE_NOT_FOUND',
  requireStack: [
    'C:\\Users\\ramgo\\OneDrive\\Desktop\\CyberSpaceSavy\\functions\\index.js',
    'C:\\Users\\ramgo\\OneDrive\\Desktop\\CyberSpaceSavy\\functions\\node_modules\\firebase-functions\\lib\\runtime\\loader.js',
    'C:\\Users\\ramgo\\OneDrive\\Desktop\\CyberSpaceSavy\\functions\\node_modules\\firebase-functions\\lib\\bin\\firebase-functions.js'
  ]
}

[debug] [2023-12-17T07:58:55.600Z] Got response code 400; body Failed to generate manifest from function source: Error: Cannot find module 'C:UsersamgoOneDriveDesktopCyberSpaceSavycyberspacesavy-firebase-adminsdk-xlvpt-c1c1e70330.json'
Require stack:
- C:\Users\ramgo\OneDrive\Desktop\CyberSpaceSavy\functions\index.js
- C:\Users\ramgo\OneDrive\Desktop\CyberSpaceSavy\functions\node_modules\firebase-functions\lib\runtime\loader.js
- C:\Users\ramgo\OneDrive\Desktop\CyberSpaceSavy\functions\node_modules\firebase-functions\lib\bin\firebase-functions.js
[error] !!  functions: Failed to load function definition from source: FirebaseError: Functions codebase could not be analyzed successfully. It may have a syntax or runtime error {"metadata":{"emulator":{"name":"functions"},"message":"Failed to load function definition from source: FirebaseError: Functions codebase could not be analyzed successfully. It may have a syntax or runtime error"}}
[error] !!  functions: Failed to load function definition from source: FirebaseError: Functions codebase could not be analyzed successfully. It may have a syntax or runtime error {"metadata":{"emulator":{"name":"functions"},"message":"Failed to load function definition from source: FirebaseError: Functions codebase could not be analyzed successfully. It may have a syntax or runtime error"}}
